<?xml version='1.0'?>
<ns2:test-suite xmlns:ns2='urn:model.allure.qatools.yandex.ru' start='1531079456798' stop='1531079458477'>
    <name>Login Page Test Cases </name>
    <title>Login Page Test Cases </title>
    <test-cases>
        <test-case start='1531079456798' status='passed' stop='1531079457906'>
            <name>should allow login</name>
            <title>should allow login</title>
            <labels>
                <label name='language' value='javascript'/>
                <label name='framework' value='wdio'/>
                <label name='feature' value='Authentication'/>
            </labels>
            <parameters>
                <parameter kind='argument' name='browser' value='chrome'/>
                <parameter kind='environment-variable' name='capabilities' value='{"browserName":"chrome"}'/>
                <parameter kind='environment-variable' name='spec files' value='["C:\\Users\\ketan.tilve\\automationProject\\test\\specs\\login.js"]'/>
            </parameters>
            <steps/>
            <attachments/>
        </test-case>
        <test-case start='1531079457907' status='failed' stop='1531079458477'>
            <name>should allow login</name>
            <title>should allow login</title>
            <labels>
                <label name='language' value='javascript'/>
                <label name='framework' value='wdio'/>
            </labels>
            <parameters>
                <parameter kind='argument' name='browser' value='chrome'/>
                <parameter kind='environment-variable' name='capabilities' value='{"browserName":"chrome"}'/>
                <parameter kind='environment-variable' name='spec files' value='["C:\\Users\\ketan.tilve\\automationProject\\test\\specs\\login.js"]'/>
            </parameters>
            <steps/>
            <attachments/>
            <failure>
                <message>'You\'re logged in!' == 'You\'re www logged in!'</message>
                <stack-trace>AssertionError [ERR_ASSERTION]: 'You\'re logged in!' == 'You\'re www logged in!'
                    at Context.&lt;anonymous> (C:\Users\ketan.tilve\automationProject\test\specs\login.js:24:16)
                    at C:\Users\ketan.tilve\automationProject\node_modules\wdio-sync\build\index.js:590:26
                    at new Promise (&lt;anonymous>)
                    at new F (C:\Users\ketan.tilve\automationProject\node_modules\core-js\library\modules\_export.js:36:28)
                    at Context.executeSync (C:\Users\ketan.tilve\automationProject\node_modules\wdio-sync\build\index.js:588:12)
                    at C:\Users\ketan.tilve\automationProject\node_modules\wdio-sync\build\index.js:759:42</stack-trace>
            </failure>
        </test-case>
    </test-cases>
</ns2:test-suite>